Report       : adc4 wersja z laborki dodaje flage
Date         : 06-20-2016
Time         : 19:41:40

Compiler     : BASCOM-AVR LIBRARY V 2.0.7.5,  DEMO Edition
Processor    : M644P
SRAM         : 1000 hex
EEPROM       : 800 hex
ROMSIZE      : 10000 hex

ROMIMAGE     : 8F4 hex  -> Will fit into ROM
ROMIMAGE     :  2292 dec
FLASH USED   :  3  %
BAUD         : 115200 Baud
XTAL         : 14745600 Hz
BAUD error   : 0.%

Stack start  : 10FF hex
Stack size   : 28 hex
S-Stacksize  : 10 hex
S-Stackstart : 10D8 hex
Framesize    : 20 hex
Framestart   : 10A8 hex
Space left   :  3982  dec

LCD DB7      : PORTB.7
LCD DB6      : PORTB.6
LCD DB5      : PORTB.5
LCD DB4      : PORTB.4
LCD E        : PORTB.3
LCD RS       : PORTB.2
LCD mode     :  4  bit

--------------------------------------------------------------------------------
Variable                         Type            Address(hex)   Address(dec)
--------------------------------------------------------------------------------
UBRR0                            Word              00C4          196 
UBRR                             Word              00C4          196 
OCR1B                            Word              008A          138 
OCR1A                            Word              0088          136 
ICR1                             Word              0086          134 
TCNT1                            Word              0084          132 
ADC                              Word              0078          120 
SP                               Word              005D          93 
EEAR                             Word              0041          65 
COMPARE1B                        Word              008A          138 
COMPARE1A                        Word              0088          136 
CAPTURE1                         Word              0086          134 
TIMER1                           Word              0084          132 
UBRR1                            Word              00CC          204 
HWSTACK                          Word              005D          93 
SWSTACK                          Word              001C          28 
FRAME                            Word              0004          4 
ADCD                             Word              0078          120 
COUNTER1                         Word              0084          132 
TIMER1                           Word              0084          132 
CAPTURE1                         Word              0086          134 
COMPARE1A                        Word              0088          136 
PWM1A                            Word              0088          136 
COMPARE1                         Word              0088          136 
PWM1B                            Word              008A          138 
COMPARE1B                        Word              008A          138 
PWM0A                            Byte              0047          71 
PWM0B                            Byte              0048          72 
PWM2A                            Byte              00B3          179 
PWM2B                            Byte              00B4          180 
ERR                              Bit               0006          6 
PRESCADC                         Word              0100          256 
OFFSET                           Word              0102          258 
WL                               Long              0104          260 
WH                               Long              0108          264 
WARTDZIEL                        Word              010C          268 
TEMPBYTE                         Byte              010E          270 
SUMA                             Long              010F          271 
S                                Byte              0113          275 
D                                Byte              0114          276 
J                                Byte              0115          277 
ASUMA                            Word              0116          278 
CZEKAMNAEOF                      Byte              0118          280 

--------------------------------------------------------------------------------
Constant                         Value
--------------------------------------------------------------------------------
UDR1                             &HCE
UBRR1L                           &HCC
UBRR1H                           &HCD
UCSR1C                           &HCA
UCSR1B                           &HC9
UCSR1A                           &HC8
USR1                             &HC8
UDR0                             &HC6
UDR                              &HC6
UBRR0L                           &HC4
UBRR                             &HC4
UBRRL                            &HC4
UBRR0H                           &HC5
UBRRHI                           &HC5
UCSRC                            &HC2
UCSR0C                           &HC2
UCSR0B                           &HC1
UCR                              &HC1
UCSR0A                           &HC0
USR                              &HC0
TWAMR                            &HBD
TWCR                             &HBC
TWDR                             &HBB
TWAR                             &HBA
TWSR                             &HB9
TWBR                             &HB8
ASSR                             &HB6
OCR2B                            &HB4
PWM2B                            &HB4
COMPARE2B                        &HB4
OCR2A                            &HB3
COMPARE2A                        &HB3
PWM2A                            &HB3
TCNT2                            &HB2
TIMER2                           &HB2
COUNTER2                         &HB2
TCCR2B                           &HB1
TCCR2                            &HB1
TCCR2A                           &HB0
OCR1BL                           &H8A
OCR1BH                           &H8B
OCR1AL                           &H88
OCR1AH                           &H89
ICR1L                            &H86
ICR1H                            &H87
TCNT1L                           &H84
TCNT1H                           &H85
TCCR1C                           &H82
TCCR1B                           &H81
TCCR1A                           &H80
DIDR1                            &H7F
DIDR0                            &H7E
ADMUX                            &H7C
ADCSRB                           &H7B
ADCSRA                           &H7A
ADCSR                            &H7A
ADCH                             &H79
ADCL                             &H78
PCMSK3                           &H73
TIMSK2                           &H70
TIMSK1                           &H6F
TIMSK0                           &H6E
PCMSK2                           &H6D
PCMSK1                           &H6C
PCMSK0                           &H6B
EICRA                            &H69
PCICR                            &H68
OSCCAL                           &H66
PRR0                             &H64
CLKPR                            &H61
WDTCSR                           &H60
WDTCR                            &H60
SREG                             &H3F
SPL                              &H3D
SPH                              &H3E
RAMPZ                            &H3B
SPMCSR                           &H37
MCUCR                            &H35
MCUSR                            &H34
MCUCSR                           &H34
SMCR                             &H33
OCDR                             &H31
ACSR                             &H30
SPDR0                            &H2E
SPDR                             &H2E
SPSR0                            &H2D
SPSR                             &H2D
SPCR0                            &H2C
SPCR                             &H2C
GPIOR2                           &H2B
GPIOR1                           &H2A
OCR0B                            &H28
PWM0B                            &H28
COMPARE0B                        &H28
OCR0A                            &H27
PWM0A                            &H27
COMPARE0A                        &H27
TCNT0                            &H26
COUNTER0                         &H26
TIMER0                           &H26
TCCR0B                           &H25
TCCR0                            &H25
TCCR0A                           &H24
GTCCR                            &H23
EEARH                            &H22
EEARL                            &H21
EEDR                             &H20
EECR                             &H1F
GPIOR0                           &H1E
EIMSK                            &H1D
EIFR                             &H1C
PCIFR                            &H1B
TIFR2                            &H17
TIFR1                            &H16
TIFR0                            &H15
PORTD                            &H0B
DDRD                             &H0A
PIND                             &H09
PORTC                            &H08
DDRC                             &H07
PINC                             &H06
PORTB                            &H05
DDRB                             &H04
PINB                             &H03
PORTA                            &H02
DDRA                             &H01
PINA                             &H00
ACME                             6
ACIS0                            0
ACIS1                            1
ACIC                             2
ACIE                             3
ACI                              4
ACO                              5
ACBG                             6
ACD                              7
AIN0D                            0
AIN1D                            1
UDR0_0                           0
UDR0_1                           1
UDR0_2                           2
UDR0_3                           3
UDR0_4                           4
UDR0_5                           5
UDR0_6                           6
UDR0_7                           7
MPCM0                            0
U2X0                             1
UPE0                             2
DOR0                             3
FE0                              4
UDRE0                            5
TXC0                             6
RXC0                             7
TXB80                            0
RXB80                            1
UCSZ02                           2
TXEN0                            3
RXEN0                            4
UDRIE0                           5
TXCIE0                           6
RXCIE0                           7
UCPOL0                           0
UCSZ00                           1
UCPHA0                           UCSZ00
UCSZ01                           2
UDORD0                           UCSZ01
USBS0                            3
UPM00                            4
UPM01                            5
UMSEL00                          6
UMSEL0                           UMSEL00
UMSEL01                          7
UMSEL1                           UMSEL01
MPCM1                            0
U2X1                             1
UPE1                             2
DOR1                             3
FE1                              4
UDRE1                            5
TXC1                             6
RXC1                             7
TXB81                            0
RXB81                            1
UCSZ12                           2
TXEN1                            3
RXEN1                            4
UDRIE1                           5
TXCIE1                           6
RXCIE1                           7
UCPOL1                           0
UCSZ10                           1
UCSZ11                           2
USBS1                            3
UPM10                            4
UPM11                            5
UMSEL10                          6
UMSEL11                          7
PORTA0                           0
PA0                              0
PORTA1                           1
PA1                              1
PORTA2                           2
PA2                              2
PORTA3                           3
PA3                              3
PORTA4                           4
PA4                              4
PORTA5                           5
PA5                              5
PORTA6                           6
PA6                              6
PORTA7                           7
PA7                              7
DDA0                             0
DDA1                             1
DDA2                             2
DDA3                             3
DDA4                             4
DDA5                             5
DDA6                             6
DDA7                             7
PINA0                            0
PINA1                            1
PINA2                            2
PINA3                            3
PINA4                            4
PINA5                            5
PINA6                            6
PINA7                            7
PORTB0                           0
PB0                              0
PORTB1                           1
PB1                              1
PORTB2                           2
PB2                              2
PORTB3                           3
PB3                              3
PORTB4                           4
PB4                              4
PORTB5                           5
PB5                              5
PORTB6                           6
PB6                              6
PORTB7                           7
PB7                              7
DDB0                             0
DDB1                             1
DDB2                             2
DDB3                             3
DDB4                             4
DDB5                             5
DDB6                             6
DDB7                             7
PINB0                            0
PINB1                            1
PINB2                            2
PINB3                            3
PINB4                            4
PINB5                            5
PINB6                            6
PINB7                            7
PORTC0                           0
PC0                              0
PORTC1                           1
PC1                              1
PORTC2                           2
PC2                              2
PORTC3                           3
PC3                              3
PORTC4                           4
PC4                              4
PORTC5                           5
PC5                              5
PORTC6                           6
PC6                              6
PORTC7                           7
PC7                              7
DDC0                             0
DDC1                             1
DDC2                             2
DDC3                             3
DDC4                             4
DDC5                             5
DDC6                             6
DDC7                             7
PINC0                            0
PINC1                            1
PINC2                            2
PINC3                            3
PINC4                            4
PINC5                            5
PINC6                            6
PINC7                            7
PORTD0                           0
PD0                              0
PORTD1                           1
PD1                              1
PORTD2                           2
PD2                              2
PORTD3                           3
PD3                              3
PORTD4                           4
PD4                              4
PORTD5                           5
PD5                              5
PORTD6                           6
PD6                              6
PORTD7                           7
PD7                              7
DDD0                             0
DDD1                             1
DDD2                             2
DDD3                             3
DDD4                             4
DDD5                             5
DDD6                             6
DDD7                             7
PIND0                            0
PIND1                            1
PIND2                            2
PIND3                            3
PIND4                            4
PIND5                            5
PIND6                            6
PIND7                            7
TOIE0                            0
OCIE0A                           1
OCIE0B                           2
TOV0                             0
OCF0A                            1
OCF0B                            2
WGM00                            0
WGM01                            1
COM0B0                           4
COM0B1                           5
COM0A0                           6
COM0A1                           7
CS00                             0
CS01                             1
CS02                             2
WGM02                            3
FOC0B                            6
FOC0A                            7
TCNT0_0                          0
TCNT0_1                          1
TCNT0_2                          2
TCNT0_3                          3
TCNT0_4                          4
TCNT0_5                          5
TCNT0_6                          6
TCNT0_7                          7
OCROA_0                          0
OCROA_1                          1
OCROA_2                          2
OCROA_3                          3
OCROA_4                          4
OCROA_5                          5
OCROA_6                          6
OCROA_7                          7
OCR0B_0                          0
OCR0B_1                          1
OCR0B_2                          2
OCR0B_3                          3
OCR0B_4                          4
OCR0B_5                          5
OCR0B_6                          6
OCR0B_7                          7
PSRSYNC                          0
PSR10                            PSRSYNC
TSM                              7
TOIE2                            0
TOIE2A                           TOIE2
OCIE2A                           1
OCIE2B                           2
TOV2                             0
OCF2A                            1
OCF2B                            2
WGM20                            0
WGM21                            1
COM2B0                           4
COM2B1                           5
COM2A0                           6
COM2A1                           7
CS20                             0
CS21                             1
CS22                             2
WGM22                            3
FOC2B                            6
FOC2A                            7
TCNT2_0                          0
TCNT2_1                          1
TCNT2_2                          2
TCNT2_3                          3
TCNT2_4                          4
TCNT2_5                          5
TCNT2_6                          6
TCNT2_7                          7
OCR2_0                           0
OCR2_1                           1
OCR2_2                           2
OCR2_3                           3
OCR2_4                           4
OCR2_5                           5
OCR2_6                           6
OCR2_7                           7
TCR2BUB                          0
TCR2AUB                          1
OCR2BUB                          2
OCR2AUB                          3
TCN2UB                           4
AS2                              5
EXCLK                            6
PSRASY                           1
PSR2                             PSRASY
WDP0                             0
WDP1                             1
WDP2                             2
WDE                              3
WDCE                             4
WDP3                             5
WDIE                             6
WDIF                             7
OCDR0                            0
OCDR1                            1
OCDR2                            2
OCDR3                            3
OCDR4                            4
OCDR5                            5
OCDR6                            6
OCDR7                            7
IDRD                             OCDR7
JTD                              7
JTRF                             4
SPMEN                            0
PGERS                            1
PGWRT                            2
BLBSET                           3
RWWSRE                           4
SIGRD                            5
RWWSB                            6
SPMIE                            7
ISC00                            0
ISC01                            1
ISC10                            2
ISC11                            3
ISC20                            4
ISC21                            5
INT0                             0
INT1                             1
INT2                             2
INTF0                            0
INTF1                            1
INTF2                            2
PCIE0                            0
PCIE1                            1
PCIE2                            2
PCIE3                            3
PCIF0                            0
PCIF1                            1
PCIF2                            2
PCIF3                            3
PCINT24                          0
PCINT25                          1
PCINT26                          2
PCINT27                          3
PCINT28                          4
PCINT29                          5
PCINT30                          6
PCINT31                          7
PCINT16                          0
PCINT17                          1
PCINT18                          2
PCINT19                          3
PCINT20                          4
PCINT21                          5
PCINT22                          6
PCINT23                          7
PCINT8                           0
PCINT9                           1
PCINT10                          2
PCINT11                          3
PCINT12                          4
PCINT13                          5
PCINT14                          6
PCINT15                          7
PCINT0                           0
PCINT1                           1
PCINT2                           2
PCINT3                           3
PCINT4                           4
PCINT5                           5
PCINT6                           6
PCINT7                           7
MUX0                             0
MUX1                             1
MUX2                             2
MUX3                             3
MUX4                             4
ADLAR                            5
REFS0                            6
REFS1                            7
ADPS0                            0
ADPS1                            1
ADPS2                            2
ADIE                             3
ADIF                             4
ADATE                            5
ADSC                             6
ADEN                             7
ADTS0                            0
ADTS1                            1
ADTS2                            2
ADCH0                            0
ADCH1                            1
ADCH2                            2
ADCH3                            3
ADCH4                            4
ADCH5                            5
ADCH6                            6
ADCH7                            7
ADCL0                            0
ADCL1                            1
ADCL2                            2
ADCL3                            3
ADCL4                            4
ADCL5                            5
ADCL6                            6
ADCL7                            7
ADC0D                            0
ADC1D                            1
ADC2D                            2
ADC3D                            3
ADC4D                            4
ADC5D                            5
ADC6D                            6
ADC7D                            7
SREG_C                           0
SREG_Z                           1
SREG_N                           2
SREG_V                           3
SREG_S                           4
SREG_H                           5
SREG_T                           6
SREG_I                           7
IVCE                             0
IVSEL                            1
PUD                              4
PORF                             0
EXTRF                            1
BORF                             2
WDRF                             3
CAL0                             0
CAL1                             1
CAL2                             2
CAL3                             3
CAL4                             4
CAL5                             5
CAL6                             6
CAL7                             7
CLKPS0                           0
CLKPS1                           1
CLKPS2                           2
CLKPS3                           3
CPKPCE                           7
SE                               0
SM0                              1
SM1                              2
SM2                              3
RAMPZ0                           0
GPIOR20                          0
GPIOR21                          1
GPIOR22                          2
GPIOR23                          3
GPIOR24                          4
GPIOR25                          5
GPIOR26                          6
GPIOR27                          7
GPIOR10                          0
GPIOR11                          1
GPIOR12                          2
GPIOR13                          3
GPIOR14                          4
GPIOR15                          5
GPIOR16                          6
GPIOR17                          7
GPIOR00                          0
GPIOR01                          1
GPIOR02                          2
GPIOR03                          3
GPIOR04                          4
GPIOR05                          5
GPIOR06                          6
GPIOR07                          7
PRADC                            0
PRUSART0                         1
PRSPI                            2
PRTIM1                           3
PRTIM0                           5
PRTIM2                           6
PRTWI                            7
TOIE1                            0
OCIE1A                           1
OCIE1B                           2
ICIE1                            5
TOV1                             0
OCF1A                            1
OCF1B                            2
ICF1                             5
WGM10                            0
PWM10                            WGM10
WGM11                            1
PWM11                            WGM11
COM1B0                           4
COM1B1                           5
COM1A0                           6
COM1A1                           7
CS10                             0
CS11                             1
CS12                             2
WGM12                            3
CTC1                             WGM12
WGM13                            4
ICES1                            6
ICNC1                            7
FOC1B                            6
FOC1A                            7
EEAR8                            0
EEAR9                            1
EEAR10                           2
EEAR11                           3
EEAR0                            0
EEAR1                            1
EEAR2                            2
EEAR3                            3
EEAR4                            4
EEAR5                            5
EEAR6                            6
EEAR7                            7
EEDR0                            0
EEDR1                            1
EEDR2                            2
EEDR3                            3
EEDR4                            4
EEDR5                            5
EEDR6                            6
EEDR7                            7
EERE                             0
EEPE                             1
EEMPE                            2
EERIE                            3
EEPM0                            4
EEPM1                            5
SPDRB0                           0
SPDRB1                           1
SPDRB2                           2
SPDRB3                           3
SPDRB4                           4
SPDRB5                           5
SPDRB6                           6
SPDRB7                           7
SPI2X0                           0
WCOL0                            6
SPIF0                            7
SPIF                             7
SPR00                            0
SPR10                            1
CPHA0                            2
CPOL0                            3
MSTR0                            4
DORD0                            5
SPE0                             6
SPIE0                            7
TWAM0                            1
TWAMR0                           TWAM0
TWAM1                            2
TWAMR1                           TWAM1
TWAM2                            3
TWAMR2                           TWAM2
TWAM3                            4
TWAMR3                           TWAM3
TWAM4                            5
TWAMR4                           TWAM4
TWAM5                            6
TWAMR5                           TWAM5
TWAM6                            7
TWAMR6                           TWAM6
TWBR0                            0
TWBR1                            1
TWBR2                            2
TWBR3                            3
TWBR4                            4
TWBR5                            5
TWBR6                            6
TWBR7                            7
TWIE                             0
TWEN                             2
TWWC                             3
TWSTO                            4
TWSTA                            5
TWEA                             6
TWINT                            7
TWPS0                            0
TWPS1                            1
TWS3                             3
TWS4                             4
TWS5                             5
TWS6                             6
TWS7                             7
TWD0                             0
TWD1                             1
TWD2                             2
TWD3                             3
TWD4                             4
TWD5                             5
TWD6                             6
TWD7                             7
TWGCE                            0
TWA0                             1
TWA1                             2
TWA2                             3
TWA3                             4
TWA4                             5
TWA5                             6
TWA6                             7
LB1                              0
LB2                              1
BLB01                            2
BLB02                            3
BLB11                            4
BLB12                            5
CKSEL0                           0
CKSEL1                           1
CKSEL2                           2
CKSEL3                           3
SUT0                             4
SUT1                             5
CKOUT                            6
CLKDIV8                          7
BOOTRST                          0
BOOTSZ0                          1
BOOTSZ1                          2
EESAVE                           3
WDTON                            4
SPIEN                            5
JTAGEN                           6
OCDEN                            7
BODLEVEL0                        0
BODLEVEL1                        1
BODLEVEL2                        2
_DATE_FORMAT                     0
_DATE_SEPARATOR                  92
_GSTRBUF                         4264
_DECIMALPOINT                    46
_RTSCTS                          0
_RTSCTS1                         0
_RTSCTS3                         0
_RTSCTS4                         0
_CHIP                            59
_RAMSIZE                         4096
_ERAMSIZE                        2048
_SIM                             0
_HUGE                            0
_BASE                            1
_XTAL                            14745600
_BUILD                           20750
_COMPILER                        90
_HWMUL                           1
_ROMSIZE                         65536
_DOSFILEWRITE                    0
_DOSDIRWRITE                     0
_1WEXT                           0
_ADC_REFMODEL                    5
_UARTS                           2
_HWSTACKSTART                    4351
_TIMEOUT                         0
_PRDWORD                         0
_PBIN_EXTENDED                   0
_HWSTACK_LOW                      4311
_SWSTACK_LOW                      4296
_FRAME_HIGH                       4296
_XMEGA                           0
PRESCFC                          0
FCRYSTAL                          14745600
BAUNDRS0                         115200
_UBRR0                            7
BAUNDRS1                         115200
_UBRR1                            7
BOF_BIT                          &B11000000
BOFM_BIT                         &B10000001
BOFMASTER_BIT                    &B11000010
BOFS_BIT                         &B11000001
EOFS_BIT                         &B10000001
EOFM_BIT                         &B10100010
ZNAKU                            &B01010101
ZNAKA                            &B01000001
ZNAKROWNE                        &B00111101
ZNAKM                            &B01101101


--------------------------------------------------------------------------------
Warnings:
--------------------------------------------------------------------------------
UBRR0                            not used
UBRR                             not used
OCR1B                            not used
ICR1                             not used
TCNT1                            not used
SP                               not used
EEAR                             not used
UBRR1                            not used
ADCD                             not used
COMPARE1                         not used
PWM1B                            not used
PWM0A                            not used
PWM0B                            not used
PWM2A                            not used
PWM2B                            not used

